+-------------------------[CrewAIEventsBus] Sync handler error in on_crew_started: 'charmap' codec can't 
encode character '\U0001f680' in position 1: character maps to <undefined>
+-------------------------[CrewAIEventsBus] Sync handler error in on_task_started: 'charmap' codec can't 
encode character '\U0001f680' in position 1: character maps to <undefined>
+-------------------------+-[CrewAIEventsBus] Sync handler error in on_agent_logs_started: --------------------------'charmap' codec 
can't encode character '\U0001f680' in position 1: character maps to 
<undefined>
[CrewAIEventsBus] Sync handler error in on_agent_logs_execution: 'charmap' 
codec can't encode character '\u2705' in position 1: character maps to 
<undefined>
+-------------------------[CrewAIEventsBus] Sync handler error in on_task_completed: 'charmap' codec 
can't encode character '\U0001f680' in position 1: character maps to 
<undefined>
+---------------------------[+-------------------------CrewAIEventsBus] Sync handler error in on_task_started: 'charmap'+- codec can't --------------------------
encode character '\u2705' in position 1: character maps to <undefined>
[CrewAIEventsBus] Sync handler error in on_agent_logs_started: 'charmap' codec 
can't encode character '\U0001f680' in position 1: character maps to 
<undefined>
[CrewAIEventsBus] Sync handler error in on_agent_logs_execution: 'charmap' 
codec can't encode character '\u2705' in position 1: character maps to 
<undefined>
+---------------------------[CrewAIEventsBus] Sync handler error in on_task_completed: 'charmap' codec 
can't encode character '\u2705' in position 1: character maps to <undefined>
+---------------------------[CrewAIEventsBus] Sync handler error in on_task_started: 'charmap' codec can't 
encode character '\u2705' in position 1: character maps to <undefined>
+---------------------------[CrewAIEventsBus] Sync handler error in on_agent_logs_started: 'charmap' codec 
can't encode character '\u2705' in position 1: character maps to <undefined>
+-------------------------[CrewAIEventsBus] Sync handler error in on_agent_logs_execution: 'charmap' 
codec can't encode character '\U0001f680' in position 1: character maps to 
<undefined>
+---------------------------[CrewAIEventsBus] Sync handler error in on_task_completed: 'charmap' codec 
can't encode character '\u2705' in position 1: character maps to <undefined>
+-------------------------[CrewAIEventsBus] Sync handler error in on_crew_completed: 'charmap' codec 
can't encode character '\U0001f680' in position 1: character maps to 
<undefined>
+---------------------------[CrewAIEventsBus] Sync handler error in on_crew_started: 'charmap' codec can't 
encode character '\u2705' in position 1: character maps to <undefined>
+-------------------------[CrewAIEventsBus] Sync handler error in on_task_started: 'charmap' codec can't 
encode character '\U0001f680' in position 1: character maps to <undefined>
+---------------------------+---------------------------[CrewAIEventsBus] Sync handler error in on_agent_logs_execution: 'charmap' 
codec can't encode character '\u2705' in position 1: character maps to 
<undefined>
+-------------------------[CrewAIEventsBus] Sync handler error in on_task_completed: 'charmap' codec 
can't encode character '\U0001f680' in position 1: character maps to 
<undefined>
[CrewAIEventsBus] Sync handler error in on_agent_logs_started: 'charmap' codec 
can't encode character '\u2705' in position 1: character maps to <undefined>
+---------------------------[CrewAIEventsBus] Sync handler error in on_task_started: 'charmap' codec can't 
encode character '\u2705' in position 1: character maps to <undefined>
+---------------------------[CrewAIEventsBus] Sync handler error in on_agent_logs_started: 'charmap'+- codec 
can't encode character ------------------------'\u2705' in position 1: character maps to <undefined>
[CrewAIEventsBus] Sync handler error in on_agent_logs_execution: 'charmap' 
codec can't encode character '\U0001f680' in position 1: character maps to 
<undefined>
+---------------------------[CrewAIEventsBus] Sync handler error in on_task_completed: 'charmap' codec 
can't encode character '\u2705' in position 1: character maps to <undefined>
+-------------------------[CrewAIEventsBus] Sync handler error in on_task_started: 'charmap' codec can't 
encode character '\U0001f680' in position 1: character maps to <undefined>
+---------------------------[CrewAIEventsBus] Sync handler error in on_agent_logs_started: +-'charmap'-------------------------- codec 
can't encode character '\u2705' in position 1: character maps to <undefined>
[CrewAIEventsBus] Sync handler error in on_agent_logs_execution: 'charmap' 
codec can't encode character '\u2705' in position 1: character maps to 
<undefined>
+-------------------------[CrewAIEventsBus] Sync handler error in on_task_completed: 'charmap' codec 
can't encode character '\U0001f680' in position 1: character maps to 
<undefined>
+---------------------------[CrewAIEventsBus] Sync handler error in on_crew_completed: 'charmap' codec 
can't encode character '\u2705' in position 1: character maps to <undefined>
+-------------------------[CrewAIEventsBus] Sync handler error in on_crew_started: 'charmap' codec can't 
encode character '\U0001f680' in position 1: character maps to <undefined>
+---------------------------[CrewAIEventsBus] Sync handler error in on_task_started: 'charmap' codec can't 
encode character '\u2705' in position 1: character maps to <undefined>
+-------------------------[CrewAIEventsBus]+- Sync handler error in on_agent_logs_started: --------------------------'charmap' codec 
can't encode character '\U0001f680' in position 1: character maps to 
<undefined>
[CrewAIEventsBus] Sync handler error in on_agent_logs_execution: 'charmap' 
codec can't encode character '\u2705' in position 1: character maps to 
<undefined>
+---------------------------[CrewAIEventsBus] Sync handler error in on_task_completed: 'charmap' codec 
can't encode character '\u2705' in position 1: character maps to <undefined>
+-------------------------[CrewAIEventsBus] Sync handler error in on_task_started: 'charmap' codec can't 
encode character '\U0001f680' in position 1: character maps to <undefined>
+-----------------------------[+---------------------------CrewAIEventsBus] Sync handler error in on_agent_logs_started: 'charmap' codec 
can't encode character '\U0001f916' in position 1: character maps to 
<undefined>
[CrewAIEventsBus] Sync handler error in on_agent_logs_execution: 'charmap' 
codec can't encode character '\u2705' in position 1: character maps to 
<undefined>
+-------------------------[CrewAIEventsBus] Sync handler error in on_task_completed: 'charmap' codec 
can't encode character '\U0001f680' in position 1: character maps to 
<undefined>
+-----------------------------[CrewAIEventsBus] Sync handler error in on_task_started: 'charmap' codec can't 
encode character '\U0001f916' in position 1: character maps to <undefined>
+---------------------------[CrewAIEventsBus] Sync handler error in on_agent_logs_started: 'charmap' codec 
can't encode character '\u2705' in position 1: character maps to <undefined>
+-------------------------[CrewAIEventsBus] Sync handler error in on_agent_logs_execution: 'charmap' 
codec can't encode character '\U0001f680' in position 1: character maps to 
<undefined>
+-----------------------------[CrewAIEventsBus] Sync handler error in on_task_completed: 'charmap' codec 
can't encode character '\U0001f916' in position 1: character maps to 
<undefined>
+---------------------------[CrewAIEventsBus] Sync handler error in on_crew_completed: 'charmap' codec 
can't encode character '\u2705' in position 1: character maps to <undefined>
